2017/09/07 14:44:05 printer.go:31: [info] Welcome to TiDB.
2017/09/07 14:44:05 printer.go:32: [info] Version:
2017/09/07 14:44:05 printer.go:33: [info] Git Commit Hash: a1b24dd1655615ea4f1c061a572a4982eb0e884a
2017/09/07 14:44:05 printer.go:34: [info] UTC Build Time:  2017-09-05 07:58:12
2017/09/07 14:44:05 gc_worker.go:109: [info] [gc worker] 5796c5358400002 start.
2017/09/07 14:44:05 tidb.go:69: [info] store tikv-6462923505651824933 new domain, ddl lease 100ms, stats lease 3000000000
2017/09/07 14:44:05 ddl.go:294: [info] [ddl] start delRangeManager OK, with emulator: false
2017/09/07 14:44:05 ddl.go:301: [info] [ddl] start DDL:43c1f871-311b-4210-b5b4-c9028b316fb3
2017/09/07 14:44:05 owner_manager.go:223: [info] [ddl] /tidb/ddl/fg/owner ownerManager is 43c1f871-311b-4210-b5b4-c9028b316fb3, owner is 43c1f871-311b-4210-b5b4-c9028b316fb3
2017/09/07 14:44:05 domain.go:107: [info] [ddl] full load InfoSchema from version 0 to 0, in 2.551404ms
2017/09/07 14:44:05 tidb.go:167: [info] RollbackTxn for ddl/autocommit error. 
2017/09/07 14:44:05 txn.go:174: [info] [kv] Rollback txn 394465547629625345
2017/09/07 14:44:05 session.go:657: [warning] [0] session error:
/home/philo/Launch-TiDB-flag/Launch-TiDB/components/src/github.com/pingcap/tidb/executor/simple.go:92: [schema:1049]Unknown database 'mysql'
/home/philo/Launch-TiDB-flag/Launch-TiDB/components/src/github.com/pingcap/tidb/executor/simple.go:82: 
/home/philo/Launch-TiDB-flag/Launch-TiDB/components/src/github.com/pingcap/tidb/executor/adapter.go:167: 
/home/philo/Launch-TiDB-flag/Launch-TiDB/components/src/github.com/pingcap/tidb/tidb.go:173: 
{
  "currDBName": "",
  "id": 0,
  "status": 2,
  "strictMode": true,
  "user": ""
}
2017/09/07 14:44:05 session.go:643: [warning] [0] compile error:
[schema:1146]Table 'mysql.tidb' doesn't exist
SELECT VARIABLE_VALUE FROM mysql.tidb WHERE VARIABLE_NAME="bootstrapped"
2017/09/07 14:44:06 domain.go:107: [info] [ddl] full load InfoSchema from version 0 to 0, in 1.020393ms
2017/09/07 14:44:06 domain.go:107: [info] [ddl] full load InfoSchema from version 0 to 0, in 814.607µs
2017/09/07 14:44:06 ddl.go:421: [info] [ddl] start DDL job ID:2, Type:create schema, State:none, SchemaState:none, SchemaID:1, TableID:0, RowCount:0, ArgLen:1, Query:
CREATE DATABASE IF NOT EXISTS test
2017/09/07 14:44:06 domain.go:107: [info] [ddl] full load InfoSchema from version 0 to 0, in 132.598039ms
2017/09/07 14:44:06 domain.go:304: [warning] [ddl] loading schema takes a long time 173.16547ms
2017/09/07 14:44:06 domain.go:107: [info] [ddl] full load InfoSchema from version 0 to 0, in 854.998µs
2017/09/07 14:44:06 ddl_worker.go:253: [info] [ddl] run DDL job ID:2, Type:create schema, State:none, SchemaState:none, SchemaID:1, TableID:0, RowCount:0, ArgLen:0
2017/09/07 14:44:06 syncer.go:232: [info] [syncer] check all versions, ddl /tidb/ddl/all_schema_versions/43c1f871-311b-4210-b5b4-c9028b316fb3 current ver 0, latest version 1
2017/09/07 14:44:06 domain.go:107: [info] [ddl] full load InfoSchema from version 0 to 0, in 135.006942ms
2017/09/07 14:44:06 domain.go:304: [warning] [ddl] loading schema takes a long time 158.938669ms
2017/09/07 14:44:06 domain.go:107: [info] [ddl] full load InfoSchema from version 0 to 1, in 2.36261ms
2017/09/07 14:44:06 ddl_worker.go:359: [info] [ddl] wait latest schema version 1 changed, take time 81.186129ms
2017/09/07 14:44:06 ddl_worker.go:140: [info] [ddl] finish DDL job ID:2, Type:create schema, State:synced, SchemaState:public, SchemaID:1, TableID:0, RowCount:0, ArgLen:0
2017/09/07 14:44:06 ddl.go:457: [info] [ddl] DDL job 2 is finished
2017/09/07 14:44:06 domain.go:365: [info] [ddl] on DDL change, must reload
2017/09/07 14:44:06 adapter.go:237: [warning] [0][TIME_QUERY] 641.864499ms CREATE DATABASE IF NOT EXISTS test
2017/09/07 14:44:06 ddl.go:421: [info] [ddl] start DDL job ID:4, Type:create schema, State:none, SchemaState:none, SchemaID:3, TableID:0, RowCount:0, ArgLen:1, Query:
CREATE DATABASE IF NOT EXISTS mysql;
2017/09/07 14:44:06 ddl_worker.go:253: [info] [ddl] run DDL job ID:4, Type:create schema, State:none, SchemaState:none, SchemaID:3, TableID:0, RowCount:0, ArgLen:0
2017/09/07 14:44:06 syncer.go:232: [info] [syncer] check all versions, ddl /tidb/ddl/all_schema_versions/43c1f871-311b-4210-b5b4-c9028b316fb3 current ver 1, latest version 2
2017/09/07 14:44:06 domain.go:93: [info] [ddl] diff load InfoSchema from version 1 to 2, in 1.214076ms
2017/09/07 14:44:06 domain.go:304: [warning] [ddl] loading schema takes a long time 124.888744ms
2017/09/07 14:44:06 ddl_worker.go:359: [info] [ddl] wait latest schema version 2 changed, take time 99.038134ms
2017/09/07 14:44:06 ddl_worker.go:140: [info] [ddl] finish DDL job ID:4, Type:create schema, State:synced, SchemaState:public, SchemaID:3, TableID:0, RowCount:0, ArgLen:0
2017/09/07 14:44:07 ddl.go:457: [info] [ddl] DDL job 4 is finished
2017/09/07 14:44:07 domain.go:365: [info] [ddl] on DDL change, must reload
2017/09/07 14:44:07 adapter.go:237: [warning] [0][TIME_QUERY] 521.416545ms CREATE DATABASE IF NOT EXISTS mysql;
2017/09/07 14:44:07 ddl.go:421: [info] [ddl] start DDL job ID:6, Type:create table, State:none, SchemaState:none, SchemaID:3, TableID:5, RowCount:0, ArgLen:1, Query:
CREATE TABLE if not exists mysql.user (
		Host				CHAR(64),
		User				CHAR(16),
		Password			CHAR(41),
		Select_priv			ENUM('N','Y') NOT NULL DEFAULT 'N',
		Insert_priv			ENUM('N','Y') NOT NULL DEFAULT 'N',
		Update_priv			ENUM('N','Y') NOT NULL DEFAULT 'N',
		Delete_priv			ENUM('N','Y') NOT NULL DEFAULT 'N',
		Create_priv			ENUM('N','Y') NOT NULL DEFAULT 'N',
		Drop_priv			ENUM('N','Y') NOT NULL DEFAULT 'N',
		Process_priv			ENUM('N','Y') NOT NULL DEFAULT 'N',
		Grant_priv			ENUM('N','Y') NOT NULL DEFAULT 'N',
		References_priv			ENUM('N','Y') NOT NULL DEFAULT 'N',
		Alter_priv			ENUM('N','Y') NOT NULL DEFAULT 'N',
		Show_db_priv			ENUM('N','Y') NOT NULL DEFAULT 'N',
		Super_priv			ENUM('N','Y') NOT NULL DEFAULT 'N',
		Create_tmp_table_priv		ENUM('N','Y') NOT NULL DEFAULT 'N',
		Lock_tables_priv		ENUM('N','Y') NOT NULL DEFAULT 'N',
		Execute_priv			ENUM('N','Y') NOT NULL DEFAULT 'N',
		Create_view_priv		ENUM('N','Y') NOT NULL DEFAULT 'N',
		Show_view_priv			ENUM('N','Y') NOT NULL DEFAULT 'N',
		Create_routine_priv		ENUM('N','Y') NOT NULL DEFAULT 'N',
		Alter_routine_priv		ENUM('N','Y') NOT NULL DEFAULT 'N',
		Index_priv			ENUM('N','Y') NOT NULL DEFAULT 'N',
		Create_user_priv		ENUM('N','Y') NOT NULL DEFAULT 'N',
		Event_priv			ENUM('N','Y') NOT NULL DEFAULT 'N',
		Trigger_priv			ENUM('N','Y') NOT NULL DEFAULT 'N',
		PRIMARY KEY (Host, User));
2017/09/07 14:44:07 ddl_worker.go:253: [info] [ddl] run DDL job ID:6, Type:create table, State:none, SchemaState:none, SchemaID:3, TableID:5, RowCount:0, ArgLen:0
2017/09/07 14:44:07 domain.go:304: [warning] [ddl] loading schema takes a long time 100.906835ms
2017/09/07 14:44:07 domain.go:93: [info] [ddl] diff load InfoSchema from version 2 to 3, in 2.295992ms
2017/09/07 14:44:07 ddl_worker.go:359: [info] [ddl] wait latest schema version 3 changed, take time 50.944716ms
2017/09/07 14:44:07 ddl_worker.go:140: [info] [ddl] finish DDL job ID:6, Type:create table, State:synced, SchemaState:public, SchemaID:3, TableID:5, RowCount:0, ArgLen:0
2017/09/07 14:44:07 ddl.go:457: [info] [ddl] DDL job 6 is finished
2017/09/07 14:44:07 domain.go:365: [info] [ddl] on DDL change, must reload
2017/09/07 14:44:07 adapter.go:237: [warning] [0][TIME_QUERY] 514.368959ms CREATE TABLE if not exists mysql.user (
		Host				CHAR(64),
		User				CHAR(16),
		Password			CHAR(41),
		Select_priv			ENUM('N','Y') NOT NULL DEFAULT 'N',
		Insert_priv			ENUM('N','Y') NOT NULL DEFAULT 'N',
		Update_priv			ENUM('N','Y') NOT NULL DEFAULT 'N',
		Delete_priv			ENUM('N','Y') NOT NULL DEFAULT 'N',
		Create_priv			ENUM('N','Y') NOT NULL DEFAULT 'N',
		Drop_priv			ENUM('N','Y') NOT NULL DEFAULT 'N',
		Process_priv			ENUM('N','Y') NOT NULL DEFAULT 'N',
		Grant_priv			ENUM('N','Y') NOT NULL DEFAULT 'N',
		References_priv			ENUM('N','Y') NOT NULL DEFAULT 'N',
		Alter_priv			ENUM('N','Y') NOT NULL DEFAULT 'N',
		Show_db_priv			ENUM('N','Y') NOT NULL DEFAULT 'N',
		Super_priv			ENUM('N','Y') NOT NULL DEFAULT 'N',
		Create_tmp_table_priv		ENUM('N','Y') NOT NULL DEFAULT 'N',
		Lock_tables_priv		ENUM('N','Y') NOT NULL DEFAULT 'N',
		Execute_priv			ENUM('N','Y') NOT NULL DEFAULT 'N',
		Create_view_priv		ENUM('N','Y') NOT NULL DEFAULT 'N',
		Show_view_priv			ENUM('N','Y') NOT NULL DEFAULT 'N',
		Create_routine_priv		ENUM('N','Y') NOT NULL DEFAULT 'N',
		Alter_routine_priv		ENUM('N','Y') NOT NULL DEFAULT 'N',
		Index_priv			ENUM('N','Y') NOT NULL DEFAULT 'N',
		Create_user_priv		ENUM('N','Y') NOT NULL DEFAULT 'N',
		Event_priv			ENUM('N','Y') NOT NULL DEFAULT 'N',
		Trigger_priv			ENUM('N','Y') NOT NULL DEFAULT 'N',
		PRIMARY KEY (Host, User));
2017/09/07 14:44:07 ddl.go:421: [info] [ddl] start DDL job ID:8, Type:create table, State:none, SchemaState:none, SchemaID:3, TableID:7, RowCount:0, ArgLen:1, Query:
CREATE TABLE if not exists mysql.db (
		Host			CHAR(60),
		DB			CHAR(64),
		User			CHAR(16),
		Select_priv		ENUM('N','Y') Not Null DEFAULT 'N',
		Insert_priv		ENUM('N','Y') Not Null DEFAULT 'N',
		Update_priv		ENUM('N','Y') Not Null DEFAULT 'N',
		Delete_priv		ENUM('N','Y') Not Null DEFAULT 'N',
		Create_priv		ENUM('N','Y') Not Null DEFAULT 'N',
		Drop_priv		ENUM('N','Y') Not Null DEFAULT 'N',
		Grant_priv		ENUM('N','Y') Not Null DEFAULT 'N',
		References_priv 	ENUM('N','Y') Not Null DEFAULT 'N',
		Index_priv		ENUM('N','Y') Not Null DEFAULT 'N',
		Alter_priv		ENUM('N','Y') Not Null DEFAULT 'N',
		Create_tmp_table_priv	ENUM('N','Y') NOT NULL DEFAULT 'N',
		Lock_tables_priv	ENUM('N','Y') NOT NULL DEFAULT 'N',
		Create_view_priv	ENUM('N','Y') NOT NULL DEFAULT 'N',
		Show_view_priv		ENUM('N','Y') NOT NULL DEFAULT 'N',
		Create_routine_priv	ENUM('N','Y') NOT NULL DEFAULT 'N',
		Alter_routine_priv	ENUM('N','Y') NOT NULL DEFAULT 'N',
		Execute_priv		ENUM('N','Y') Not Null DEFAULT 'N',
		Event_priv		ENUM('N','Y') NOT NULL DEFAULT 'N',
		Trigger_priv		ENUM('N','Y') NOT NULL DEFAULT 'N',
		PRIMARY KEY (Host, DB, User));
2017/09/07 14:44:07 ddl_worker.go:253: [info] [ddl] run DDL job ID:8, Type:create table, State:none, SchemaState:none, SchemaID:3, TableID:7, RowCount:0, ArgLen:0
2017/09/07 14:44:08 domain.go:93: [info] [ddl] diff load InfoSchema from version 3 to 4, in 2.074563ms
2017/09/07 14:44:08 syncer.go:232: [info] [syncer] check all versions, ddl /tidb/ddl/all_schema_versions/43c1f871-311b-4210-b5b4-c9028b316fb3 current ver 3, latest version 4
2017/09/07 14:44:08 ddl_worker.go:359: [info] [ddl] wait latest schema version 4 changed, take time 97.747425ms
2017/09/07 14:44:08 ddl_worker.go:140: [info] [ddl] finish DDL job ID:8, Type:create table, State:synced, SchemaState:public, SchemaID:3, TableID:7, RowCount:0, ArgLen:0
2017/09/07 14:44:08 ddl.go:457: [info] [ddl] DDL job 8 is finished
2017/09/07 14:44:08 domain.go:365: [info] [ddl] on DDL change, must reload
2017/09/07 14:44:08 adapter.go:237: [warning] [0][TIME_QUERY] 600.130574ms CREATE TABLE if not exists mysql.db (
		Host			CHAR(60),
		DB			CHAR(64),
		User			CHAR(16),
		Select_priv		ENUM('N','Y') Not Null DEFAULT 'N',
		Insert_priv		ENUM('N','Y') Not Null DEFAULT 'N',
		Update_priv		ENUM('N','Y') Not Null DEFAULT 'N',
		Delete_priv		ENUM('N','Y') Not Null DEFAULT 'N',
		Create_priv		ENUM('N','Y') Not Null DEFAULT 'N',
		Drop_priv		ENUM('N','Y') Not Null DEFAULT 'N',
		Grant_priv		ENUM('N','Y') Not Null DEFAULT 'N',
		References_priv 	ENUM('N','Y') Not Null DEFAULT 'N',
		Index_priv		ENUM('N','Y') Not Null DEFAULT 'N',
		Alter_priv		ENUM('N','Y') Not Null DEFAULT 'N',
		Create_tmp_table_priv	ENUM('N','Y') NOT NULL DEFAULT 'N',
		Lock_tables_priv	ENUM('N','Y') NOT NULL DEFAULT 'N',
		Create_view_priv	ENUM('N','Y') NOT NULL DEFAULT 'N',
		Show_view_priv		ENUM('N','Y') NOT NULL DEFAULT 'N',
		Create_routine_priv	ENUM('N','Y') NOT NULL DEFAULT 'N',
		Alter_routine_priv	ENUM('N','Y') NOT NULL DEFAULT 'N',
		Execute_priv		ENUM('N','Y') Not Null DEFAULT 'N',
		Event_priv		ENUM('N','Y') NOT NULL DEFAULT 'N',
		Trigger_priv		ENUM('N','Y') NOT NULL DEFAULT 'N',
		PRIMARY KEY (Host, DB, User));
2017/09/07 14:44:08 ddl.go:421: [info] [ddl] start DDL job ID:10, Type:create table, State:none, SchemaState:none, SchemaID:3, TableID:9, RowCount:0, ArgLen:1, Query:
CREATE TABLE if not exists mysql.tables_priv (
		Host		CHAR(60),
		DB			CHAR(64),
		User		CHAR(16),
		Table_name	CHAR(64),
		Grantor		CHAR(77),
		Timestamp	Timestamp DEFAULT CURRENT_TIMESTAMP,
		Table_priv	SET('Select','Insert','Update','Delete','Create','Drop','Grant', 'Index','Alter'),
		Column_priv	SET('Select','Insert','Update'),
		PRIMARY KEY (Host, DB, User, Table_name));
2017/09/07 14:44:08 ddl_worker.go:253: [info] [ddl] run DDL job ID:10, Type:create table, State:none, SchemaState:none, SchemaID:3, TableID:9, RowCount:0, ArgLen:0
2017/09/07 14:44:08 syncer.go:232: [info] [syncer] check all versions, ddl /tidb/ddl/all_schema_versions/43c1f871-311b-4210-b5b4-c9028b316fb3 current ver 4, latest version 5
2017/09/07 14:44:08 domain.go:93: [info] [ddl] diff load InfoSchema from version 4 to 5, in 1.863914ms
2017/09/07 14:44:08 ddl_worker.go:359: [info] [ddl] wait latest schema version 5 changed, take time 101.788797ms
2017/09/07 14:44:08 ddl_worker.go:140: [info] [ddl] finish DDL job ID:10, Type:create table, State:synced, SchemaState:public, SchemaID:3, TableID:9, RowCount:0, ArgLen:0
2017/09/07 14:44:08 ddl.go:457: [info] [ddl] DDL job 10 is finished
2017/09/07 14:44:08 domain.go:365: [info] [ddl] on DDL change, must reload
2017/09/07 14:44:08 adapter.go:237: [warning] [0][TIME_QUERY] 582.969913ms CREATE TABLE if not exists mysql.tables_priv (
		Host		CHAR(60),
		DB			CHAR(64),
		User		CHAR(16),
		Table_name	CHAR(64),
		Grantor		CHAR(77),
		Timestamp	Timestamp DEFAULT CURRENT_TIMESTAMP,
		Table_priv	SET('Select','Insert','Update','Delete','Create','Drop','Grant', 'Index','Alter'),
		Column_priv	SET('Select','Insert','Update'),
		PRIMARY KEY (Host, DB, User, Table_name));
2017/09/07 14:44:09 domain.go:304: [warning] [ddl] loading schema takes a long time 115.888761ms
2017/09/07 14:44:09 ddl.go:421: [info] [ddl] start DDL job ID:12, Type:create table, State:none, SchemaState:none, SchemaID:3, TableID:11, RowCount:0, ArgLen:1, Query:
CREATE TABLE if not exists mysql.columns_priv(
		Host		CHAR(60),
		DB			CHAR(64),
		User		CHAR(16),
		Table_name	CHAR(64),
		Column_name	CHAR(64),
		Timestamp	Timestamp DEFAULT CURRENT_TIMESTAMP,
		Column_priv	SET('Select','Insert','Update'),
		PRIMARY KEY (Host, DB, User, Table_name, Column_name));
2017/09/07 14:44:09 ddl_worker.go:253: [info] [ddl] run DDL job ID:12, Type:create table, State:none, SchemaState:none, SchemaID:3, TableID:11, RowCount:0, ArgLen:0
2017/09/07 14:44:09 syncer.go:232: [info] [syncer] check all versions, ddl /tidb/ddl/all_schema_versions/43c1f871-311b-4210-b5b4-c9028b316fb3 current ver 5, latest version 6
2017/09/07 14:44:09 domain.go:93: [info] [ddl] diff load InfoSchema from version 5 to 6, in 1.979858ms
2017/09/07 14:44:09 ddl_worker.go:359: [info] [ddl] wait latest schema version 6 changed, take time 72.261719ms
2017/09/07 14:44:09 ddl_worker.go:140: [info] [ddl] finish DDL job ID:12, Type:create table, State:synced, SchemaState:public, SchemaID:3, TableID:11, RowCount:0, ArgLen:0
2017/09/07 14:44:09 ddl.go:457: [info] [ddl] DDL job 12 is finished
2017/09/07 14:44:09 domain.go:365: [info] [ddl] on DDL change, must reload
2017/09/07 14:44:09 adapter.go:237: [warning] [0][TIME_QUERY] 674.598684ms CREATE TABLE if not exists mysql.columns_priv(
		Host		CHAR(60),
		DB			CHAR(64),
		User		CHAR(16),
		Table_name	CHAR(64),
		Column_name	CHAR(64),
		Timestamp	Timestamp DEFAULT CURRENT_TIMESTAMP,
		Column_priv	SET('Select','Insert','Update'),
		PRIMARY KEY (Host, DB, User, Table_name, Column_name));
2017/09/07 14:44:09 ddl.go:421: [info] [ddl] start DDL job ID:14, Type:create table, State:none, SchemaState:none, SchemaID:3, TableID:13, RowCount:0, ArgLen:1, Query:
CREATE TABLE if not exists mysql.GLOBAL_VARIABLES(
		VARIABLE_NAME  VARCHAR(64) Not Null PRIMARY KEY,
		VARIABLE_VALUE VARCHAR(1024) DEFAULT Null);
2017/09/07 14:44:09 ddl_worker.go:253: [info] [ddl] run DDL job ID:14, Type:create table, State:none, SchemaState:none, SchemaID:3, TableID:13, RowCount:0, ArgLen:0
2017/09/07 14:44:09 domain.go:93: [info] [ddl] diff load InfoSchema from version 6 to 7, in 1.706743ms
2017/09/07 14:44:09 ddl_worker.go:359: [info] [ddl] wait latest schema version 7 changed, take time 91.454747ms
2017/09/07 14:44:09 ddl_worker.go:140: [info] [ddl] finish DDL job ID:14, Type:create table, State:synced, SchemaState:public, SchemaID:3, TableID:13, RowCount:0, ArgLen:0
2017/09/07 14:44:10 ddl.go:457: [info] [ddl] DDL job 14 is finished
2017/09/07 14:44:10 domain.go:365: [info] [ddl] on DDL change, must reload
2017/09/07 14:44:10 adapter.go:237: [warning] [0][TIME_QUERY] 560.674936ms CREATE TABLE if not exists mysql.GLOBAL_VARIABLES(
		VARIABLE_NAME  VARCHAR(64) Not Null PRIMARY KEY,
		VARIABLE_VALUE VARCHAR(1024) DEFAULT Null);
2017/09/07 14:44:10 ddl.go:421: [info] [ddl] start DDL job ID:16, Type:create table, State:none, SchemaState:none, SchemaID:3, TableID:15, RowCount:0, ArgLen:1, Query:
CREATE TABLE if not exists mysql.tidb(
		VARIABLE_NAME  VARCHAR(64) Not Null PRIMARY KEY,
		VARIABLE_VALUE VARCHAR(1024) DEFAULT Null,
		COMMENT VARCHAR(1024));
2017/09/07 14:44:10 ddl_worker.go:253: [info] [ddl] run DDL job ID:16, Type:create table, State:none, SchemaState:none, SchemaID:3, TableID:15, RowCount:0, ArgLen:0
2017/09/07 14:44:10 syncer.go:232: [info] [syncer] check all versions, ddl /tidb/ddl/all_schema_versions/43c1f871-311b-4210-b5b4-c9028b316fb3 current ver 7, latest version 8
2017/09/07 14:44:10 domain.go:93: [info] [ddl] diff load InfoSchema from version 7 to 8, in 1.967912ms
2017/09/07 14:44:10 ddl_worker.go:359: [info] [ddl] wait latest schema version 8 changed, take time 71.400699ms
2017/09/07 14:44:10 ddl_worker.go:140: [info] [ddl] finish DDL job ID:16, Type:create table, State:synced, SchemaState:public, SchemaID:3, TableID:15, RowCount:0, ArgLen:0
2017/09/07 14:44:10 ddl.go:457: [info] [ddl] DDL job 16 is finished
2017/09/07 14:44:10 domain.go:365: [info] [ddl] on DDL change, must reload
2017/09/07 14:44:10 adapter.go:237: [warning] [0][TIME_QUERY] 588.894859ms CREATE TABLE if not exists mysql.tidb(
		VARIABLE_NAME  VARCHAR(64) Not Null PRIMARY KEY,
		VARIABLE_VALUE VARCHAR(1024) DEFAULT Null,
		COMMENT VARCHAR(1024));
2017/09/07 14:44:10 ddl.go:421: [info] [ddl] start DDL job ID:18, Type:create table, State:none, SchemaState:none, SchemaID:3, TableID:17, RowCount:0, ArgLen:1, Query:
CREATE TABLE if not exists mysql.help_topic (
  		help_topic_id int(10) unsigned NOT NULL,
  		name char(64) NOT NULL,
  		help_category_id smallint(5) unsigned NOT NULL,
  		description text NOT NULL,
  		example text NOT NULL,
  		url text NOT NULL,
  		PRIMARY KEY (help_topic_id),
  		UNIQUE KEY name (name)
		) ENGINE=InnoDB DEFAULT CHARSET=utf8 STATS_PERSISTENT=0 COMMENT='help topics';
2017/09/07 14:44:10 ddl_worker.go:253: [info] [ddl] run DDL job ID:18, Type:create table, State:none, SchemaState:none, SchemaID:3, TableID:17, RowCount:0, ArgLen:0
2017/09/07 14:44:11 syncer.go:232: [info] [syncer] check all versions, ddl /tidb/ddl/all_schema_versions/43c1f871-311b-4210-b5b4-c9028b316fb3 current ver 8, latest version 9
2017/09/07 14:44:11 domain.go:93: [info] [ddl] diff load InfoSchema from version 8 to 9, in 1.823127ms
2017/09/07 14:44:11 domain.go:304: [warning] [ddl] loading schema takes a long time 129.428912ms
2017/09/07 14:44:11 ddl_worker.go:359: [info] [ddl] wait latest schema version 9 changed, take time 94.718435ms
2017/09/07 14:44:11 ddl_worker.go:140: [info] [ddl] finish DDL job ID:18, Type:create table, State:synced, SchemaState:public, SchemaID:3, TableID:17, RowCount:0, ArgLen:0
2017/09/07 14:44:11 ddl.go:457: [info] [ddl] DDL job 18 is finished
2017/09/07 14:44:11 domain.go:365: [info] [ddl] on DDL change, must reload
2017/09/07 14:44:11 adapter.go:237: [warning] [0][TIME_QUERY] 591.464409ms CREATE TABLE if not exists mysql.help_topic (
  		help_topic_id int(10) unsigned NOT NULL,
  		name char(64) NOT NULL,
  		help_category_id smallint(5) unsigned NOT NULL,
  		description text NOT NULL,
  		example text NOT NULL,
  		url text NOT NULL,
  		PRIMARY KEY (help_topic_id),
  		UNIQUE KEY name (name)
		) ENGINE=InnoDB DEFAULT CHARSET=utf8 STATS_PERSISTENT=0 COMMENT='help topics';
2017/09/07 14:44:11 ddl.go:421: [info] [ddl] start DDL job ID:20, Type:create table, State:none, SchemaState:none, SchemaID:3, TableID:19, RowCount:0, ArgLen:1, Query:
CREATE TABLE if not exists mysql.stats_meta (
		version bigint(64) unsigned NOT NULL,
		table_id bigint(64) NOT NULL,
		modify_count bigint(64) NOT NULL DEFAULT 0,
		count bigint(64) unsigned NOT NULL DEFAULT 0,
		index idx_ver(version),
		unique index tbl(table_id)
	);
2017/09/07 14:44:11 ddl_worker.go:253: [info] [ddl] run DDL job ID:20, Type:create table, State:none, SchemaState:none, SchemaID:3, TableID:19, RowCount:0, ArgLen:0
2017/09/07 14:44:11 syncer.go:232: [info] [syncer] check all versions, ddl /tidb/ddl/all_schema_versions/43c1f871-311b-4210-b5b4-c9028b316fb3 current ver 9, latest version 10
2017/09/07 14:44:11 domain.go:93: [info] [ddl] diff load InfoSchema from version 9 to 10, in 1.778518ms
2017/09/07 14:44:11 ddl_worker.go:359: [info] [ddl] wait latest schema version 10 changed, take time 76.255901ms
2017/09/07 14:44:11 ddl_worker.go:140: [info] [ddl] finish DDL job ID:20, Type:create table, State:synced, SchemaState:public, SchemaID:3, TableID:19, RowCount:0, ArgLen:0
2017/09/07 14:44:11 ddl.go:457: [info] [ddl] DDL job 20 is finished
2017/09/07 14:44:11 domain.go:365: [info] [ddl] on DDL change, must reload
2017/09/07 14:44:11 adapter.go:237: [warning] [0][TIME_QUERY] 551.538584ms CREATE TABLE if not exists mysql.stats_meta (
		version bigint(64) unsigned NOT NULL,
		table_id bigint(64) NOT NULL,
		modify_count bigint(64) NOT NULL DEFAULT 0,
		count bigint(64) unsigned NOT NULL DEFAULT 0,
		index idx_ver(version),
		unique index tbl(table_id)
	);
2017/09/07 14:44:11 ddl.go:421: [info] [ddl] start DDL job ID:22, Type:create table, State:none, SchemaState:none, SchemaID:3, TableID:21, RowCount:0, ArgLen:1, Query:
CREATE TABLE if not exists mysql.stats_histograms (
		table_id bigint(64) NOT NULL,
		is_index tinyint(2) NOT NULL,
		hist_id bigint(64) NOT NULL,
		distinct_count bigint(64) NOT NULL,
		null_count bigint(64) NOT NULL DEFAULT 0,
		modify_count bigint(64) NOT NULL DEFAULT 0,
		version bigint(64) unsigned NOT NULL DEFAULT 0,
		unique index tbl(table_id, is_index, hist_id)
	);
2017/09/07 14:44:11 ddl_worker.go:253: [info] [ddl] run DDL job ID:22, Type:create table, State:none, SchemaState:none, SchemaID:3, TableID:21, RowCount:0, ArgLen:0
2017/09/07 14:44:12 syncer.go:232: [info] [syncer] check all versions, ddl /tidb/ddl/all_schema_versions/43c1f871-311b-4210-b5b4-c9028b316fb3 current ver 10, latest version 11
2017/09/07 14:44:12 domain.go:93: [info] [ddl] diff load InfoSchema from version 10 to 11, in 1.914683ms
2017/09/07 14:44:12 domain.go:304: [warning] [ddl] loading schema takes a long time 132.952188ms
2017/09/07 14:44:12 ddl_worker.go:359: [info] [ddl] wait latest schema version 11 changed, take time 112.353972ms
2017/09/07 14:44:12 ddl_worker.go:140: [info] [ddl] finish DDL job ID:22, Type:create table, State:synced, SchemaState:public, SchemaID:3, TableID:21, RowCount:0, ArgLen:0
2017/09/07 14:44:12 ddl.go:457: [info] [ddl] DDL job 22 is finished
2017/09/07 14:44:12 domain.go:365: [info] [ddl] on DDL change, must reload
2017/09/07 14:44:12 adapter.go:237: [warning] [0][TIME_QUERY] 529.606556ms CREATE TABLE if not exists mysql.stats_histograms (
		table_id bigint(64) NOT NULL,
		is_index tinyint(2) NOT NULL,
		hist_id bigint(64) NOT NULL,
		distinct_count bigint(64) NOT NULL,
		null_count bigint(64) NOT NULL DEFAULT 0,
		modify_count bigint(64) NOT NULL DEFAULT 0,
		version bigint(64) unsigned NOT NULL DEFAULT 0,
		unique index tbl(table_id, is_index, hist_id)
	);
2017/09/07 14:44:12 ddl.go:421: [info] [ddl] start DDL job ID:24, Type:create table, State:none, SchemaState:none, SchemaID:3, TableID:23, RowCount:0, ArgLen:1, Query:
CREATE TABLE if not exists mysql.stats_buckets (
		table_id bigint(64) NOT NULL,
		is_index tinyint(2) NOT NULL,
		hist_id bigint(64) NOT NULL,
		bucket_id bigint(64) NOT NULL,
		count bigint(64) NOT NULL,
		repeats bigint(64) NOT NULL,
		upper_bound blob NOT NULL,
		lower_bound blob ,
		unique index tbl(table_id, is_index, hist_id, bucket_id)
	);
2017/09/07 14:44:12 ddl_worker.go:253: [info] [ddl] run DDL job ID:24, Type:create table, State:none, SchemaState:none, SchemaID:3, TableID:23, RowCount:0, ArgLen:0
2017/09/07 14:44:12 syncer.go:232: [info] [syncer] check all versions, ddl /tidb/ddl/all_schema_versions/43c1f871-311b-4210-b5b4-c9028b316fb3 current ver 11, latest version 12
2017/09/07 14:44:12 domain.go:93: [info] [ddl] diff load InfoSchema from version 11 to 12, in 2.035111ms
2017/09/07 14:44:12 ddl_worker.go:359: [info] [ddl] wait latest schema version 12 changed, take time 71.249247ms
2017/09/07 14:44:12 ddl_worker.go:140: [info] [ddl] finish DDL job ID:24, Type:create table, State:synced, SchemaState:public, SchemaID:3, TableID:23, RowCount:0, ArgLen:0
2017/09/07 14:44:12 ddl.go:457: [info] [ddl] DDL job 24 is finished
2017/09/07 14:44:12 domain.go:365: [info] [ddl] on DDL change, must reload
2017/09/07 14:44:12 adapter.go:237: [warning] [0][TIME_QUERY] 516.740486ms CREATE TABLE if not exists mysql.stats_buckets (
		table_id bigint(64) NOT NULL,
		is_index tinyint(2) NOT NULL,
		hist_id bigint(64) NOT NULL,
		bucket_id bigint(64) NOT NULL,
		count bigint(64) NOT NULL,
		repeats bigint(64) NOT NULL,
		upper_bound blob NOT NULL,
		lower_bound blob ,
		unique index tbl(table_id, is_index, hist_id, bucket_id)
	);
2017/09/07 14:44:13 ddl.go:421: [info] [ddl] start DDL job ID:26, Type:create table, State:none, SchemaState:none, SchemaID:3, TableID:25, RowCount:0, ArgLen:1, Query:
CREATE TABLE IF NOT EXISTS mysql.gc_delete_range (
		job_id BIGINT NOT NULL COMMENT "the DDL job ID",
		element_id BIGINT NOT NULL COMMENT "the schema element ID",
		start_key VARCHAR(255) NOT NULL COMMENT "encoded in hex",
		end_key VARCHAR(255) NOT NULL COMMENT "encoded in hex",
		ts BIGINT NOT NULL COMMENT "timestamp in int64",
		UNIQUE KEY (element_id),
		KEY (job_id, element_id)
	);
2017/09/07 14:44:13 ddl_worker.go:253: [info] [ddl] run DDL job ID:26, Type:create table, State:none, SchemaState:none, SchemaID:3, TableID:25, RowCount:0, ArgLen:0
2017/09/07 14:44:13 syncer.go:232: [info] [syncer] check all versions, ddl /tidb/ddl/all_schema_versions/43c1f871-311b-4210-b5b4-c9028b316fb3 current ver 12, latest version 13
2017/09/07 14:44:13 domain.go:93: [info] [ddl] diff load InfoSchema from version 12 to 13, in 1.9437ms
2017/09/07 14:44:13 domain.go:304: [warning] [ddl] loading schema takes a long time 110.718432ms
2017/09/07 14:44:13 ddl_worker.go:359: [info] [ddl] wait latest schema version 13 changed, take time 86.074358ms
2017/09/07 14:44:13 ddl_worker.go:140: [info] [ddl] finish DDL job ID:26, Type:create table, State:synced, SchemaState:public, SchemaID:3, TableID:25, RowCount:0, ArgLen:0
2017/09/07 14:44:13 ddl.go:457: [info] [ddl] DDL job 26 is finished
2017/09/07 14:44:13 domain.go:365: [info] [ddl] on DDL change, must reload
2017/09/07 14:44:13 adapter.go:237: [warning] [0][TIME_QUERY] 578.957573ms CREATE TABLE IF NOT EXISTS mysql.gc_delete_range (
		job_id BIGINT NOT NULL COMMENT "the DDL job ID",
		element_id BIGINT NOT NULL COMMENT "the schema element ID",
		start_key VARCHAR(255) NOT NULL COMMENT "encoded in hex",
		end_key VARCHAR(255) NOT NULL COMMENT "encoded in hex",
		ts BIGINT NOT NULL COMMENT "timestamp in int64",
		UNIQUE KEY (element_id),
		KEY (job_id, element_id)
	);
2017/09/07 14:44:14 delete_range.go:107: [info] [ddl] closing delRange session pool
2017/09/07 14:44:14 ddl.go:341: [info] close DDL:43c1f871-311b-4210-b5b4-c9028b316fb3
2017/09/07 14:44:14 ddl.go:310: [info] stop DDL:43c1f871-311b-4210-b5b4-c9028b316fb3
2017/09/07 14:44:14 tidb.go:69: [info] store tikv-6462923505651824933 new domain, ddl lease 10s, stats lease 3000000000
2017/09/07 14:44:14 owner_manager.go:165: [info] [ddl] /tidb/ddl/fg/owner ownerManager 43c1f871-311b-4210-b5b4-c9028b316fb3 break campaign loop err grpc: the client connection is closing
2017/09/07 14:44:14 ddl.go:294: [info] [ddl] start delRangeManager OK, with emulator: false
2017/09/07 14:44:14 ddl.go:301: [info] [ddl] start DDL:ee19bde9-6458-4eb6-823b-6d5b875e4a2a
2017/09/07 14:44:14 owner_manager.go:223: [info] [ddl] /tidb/ddl/fg/owner ownerManager is ee19bde9-6458-4eb6-823b-6d5b875e4a2a, owner is ee19bde9-6458-4eb6-823b-6d5b875e4a2a
2017/09/07 14:44:14 domain.go:107: [info] [ddl] full load InfoSchema from version 0 to 13, in 9.521429ms
2017/09/07 14:44:14 server.go:160: [info] Server run MySQL Protocol Listen at [0.0.0.0:4000]
2017/09/07 14:44:14 main.go:230: [info] disable Prometheus push client 
2017/09/07 14:44:14 systime_mon.go:11: [info] start system time monitor 
2017/09/07 14:44:14 http_status.go:57: [info] Listening on :10080 for status and metrics report.
2017/09/07 14:44:37 main.go:185: [info] Got signal [2] to exit.
2017/09/07 14:44:37 owner_manager.go:152: [info] [ddl] /tidb/ddl/fg/owner ownerManager ee19bde9-6458-4eb6-823b-6d5b875e4a2a etcd session is done, creates a new one
2017/09/07 14:44:37 owner_manager.go:125: [warning] [ddl] /tidb/ddl/fg/owner ownerManager ee19bde9-6458-4eb6-823b-6d5b875e4a2a failed to new session, err context canceled
2017/09/07 14:44:37 owner_manager.go:155: [info] [ddl] /tidb/ddl/fg/owner ownerManager ee19bde9-6458-4eb6-823b-6d5b875e4a2a break campaign loop, err context canceled
2017/09/07 14:44:37 delete_range.go:107: [info] [ddl] closing delRange session pool
2017/09/07 14:44:37 ddl.go:341: [info] close DDL:ee19bde9-6458-4eb6-823b-6d5b875e4a2a
2017/09/07 14:44:37 ddl.go:310: [info] stop DDL:ee19bde9-6458-4eb6-823b-6d5b875e4a2a
