2017/09/07 14:43:59.796 mod.rs:410: [INFO] Welcome to TiKV.
2017/09/07 14:43:59.796 mod.rs:411: [INFO] Version:
2017/09/07 14:43:59.796 mod.rs:412: [INFO] Git Commit Hash:   e464028d44abdec126e30640761b10d25abda519
2017/09/07 14:43:59.796 mod.rs:413: [INFO] Git Commit Branch: HEAD
2017/09/07 14:43:59.796 mod.rs:414: [INFO] UTC Build Time:    2017-09-05 07:55:21
2017/09/07 14:43:59.796 mod.rs:415: [INFO] Rustc Version:     1.21.0-nightly (dd53dd5f9 2017-08-01)
2017/09/07 14:43:59.796 start.rs:214: [INFO] rocksdb.max-open-files use default Some(40960)
2017/09/07 14:43:59.796 start.rs:336: [WARN] Limit("kernel parameters net.core.somaxconn got 128, expect 32768")
2017/09/07 14:43:59.796 start.rs:336: [WARN] Limit("kernel parameters net.ipv4.tcp_syncookies got 1, expect 0")
2017/09/07 14:43:59.796 start.rs:336: [WARN] Limit("kernel parameters vm.swappiness got 60, expect 0")
2017/09/07 14:43:59.797 start.rs:341: [WARN] environment variable `TZ` is missing, use `/etc/localtime`
2017/09/07 14:43:59.801 util.rs:417: [INFO] connect to PD leader "http://127.0.0.1:2379"
2017/09/07 14:43:59.801 util.rs:360: [INFO] All PD endpoints are consistent: ["http://127.0.0.1:2379"]
2017/09/07 14:43:59.802 start.rs:1116: [INFO] connect to PD cluster 6462923505651824933
2017/09/07 14:43:59.802 start.rs:247: [INFO] server.notify-capacity keep default 40960
2017/09/07 14:43:59.802 start.rs:247: [INFO] server.grpc-concurrency keep default 4
2017/09/07 14:43:59.802 start.rs:247: [INFO] server.grpc-concurrent-stream keep default 1024
2017/09/07 14:43:59.802 start.rs:247: [INFO] server.grpc-raft-conn-num keep default 10
2017/09/07 14:43:59.802 start.rs:247: [INFO] server.grpc-stream-initial-window-size keep default 2097152
2017/09/07 14:43:59.802 start.rs:247: [INFO] server.end-point-concurrency keep default 8
2017/09/07 14:43:59.802 start.rs:247: [INFO] server.messages-per-tick keep default 4096
2017/09/07 14:43:59.802 start.rs:144: [INFO] flag capacity: None
2017/09/07 14:43:59.802 start.rs:133: [INFO] flag advertise-addr: None
2017/09/07 14:43:59.802 start.rs:179: [INFO] server.advertise-addr use default Some("127.0.0.1:20160")
2017/09/07 14:43:59.802 start.rs:184: [INFO] toml value server.advertise-addr: "127.0.0.1:20160"
2017/09/07 14:43:59.802 start.rs:165: [INFO] raftstore.sync-log use default Some(true)
2017/09/07 14:43:59.803 start.rs:170: [INFO] toml value raftstore.sync-log: true
2017/09/07 14:43:59.803 start.rs:247: [INFO] raftstore.notify-capacity keep default 40960
2017/09/07 14:43:59.803 start.rs:247: [INFO] raftstore.messages-per-tick keep default 4096
2017/09/07 14:43:59.803 start.rs:259: [INFO] raftstore.raft-base-tick-interval keep default 1000
2017/09/07 14:43:59.803 start.rs:247: [INFO] raftstore.raft-heartbeat-ticks keep default 2
2017/09/07 14:43:59.803 start.rs:247: [INFO] raftstore.raft-election-timeout-ticks keep default 10
2017/09/07 14:43:59.803 start.rs:259: [INFO] raftstore.split-region-check-tick-interval keep default 10000
2017/09/07 14:43:59.803 start.rs:259: [INFO] raftstore.region-split-size keep default 268435456
2017/09/07 14:43:59.803 start.rs:259: [INFO] raftstore.region-max-size keep default 402653184
2017/09/07 14:43:59.803 start.rs:259: [INFO] raftstore.region-split-check-diff keep default 33554432
2017/09/07 14:43:59.803 start.rs:259: [INFO] raftstore.raft-log-gc-tick-interval keep default 10000
2017/09/07 14:43:59.803 start.rs:259: [INFO] raftstore.raft-log-gc-threshold keep default 50
2017/09/07 14:43:59.803 start.rs:259: [INFO] raftstore.raft-log-gc-count-limit keep default 196608
2017/09/07 14:43:59.803 start.rs:259: [INFO] raftstore.raft-log-gc-size-limit keep default 201326592
2017/09/07 14:43:59.803 start.rs:259: [INFO] raftstore.region-compact-check-interval keep default 0
2017/09/07 14:43:59.803 start.rs:259: [INFO] raftstore.region-compact-delete-keys-count keep default 1000000
2017/09/07 14:43:59.803 start.rs:259: [INFO] raftstore.lock-cf-compact-interval keep default 600000
2017/09/07 14:43:59.803 start.rs:259: [INFO] raftstore.lock-cf-compact-bytes-threshold keep default 268435456
2017/09/07 14:43:59.803 start.rs:259: [INFO] raftstore.raft-entry-max-size keep default 8388608
2017/09/07 14:43:59.803 start.rs:279: [INFO] raftstore.max-peer-down-duration keep default Duration { secs: 300, nanos: 0 }
2017/09/07 14:43:59.803 start.rs:259: [INFO] raftstore.pd-heartbeat-tick-interval keep default 60000
2017/09/07 14:43:59.803 start.rs:259: [INFO] raftstore.pd-store-heartbeat-tick-interval keep default 10000
2017/09/07 14:43:59.803 start.rs:259: [INFO] raftstore.consistency-check-interval keep default 0
2017/09/07 14:43:59.803 start.rs:165: [INFO] raftstore.use-sst-file-snapshot use default Some(true)
2017/09/07 14:43:59.803 start.rs:170: [INFO] toml value raftstore.use-sst-file-snapshot: true
2017/09/07 14:43:59.803 start.rs:269: [INFO] storage.gc-ratio-threshold keep default 1.1
2017/09/07 14:43:59.804 start.rs:247: [INFO] storage.scheduler-notify-capacity keep default 10240
2017/09/07 14:43:59.804 start.rs:247: [INFO] storage.scheduler-messages-per-tick keep default 1024
2017/09/07 14:43:59.804 start.rs:247: [INFO] storage.scheduler-concurrency keep default 102400
2017/09/07 14:43:59.804 start.rs:247: [INFO] storage.scheduler-worker-pool-size keep default 4
2017/09/07 14:43:59.804 start.rs:247: [INFO] storage.scheduler-too-busy-threshold keep default 1000
2017/09/07 14:43:59.804 start.rs:851: [INFO] server.data-dir uses "/home/philo/Launch-TiDB-flag/Launch-TiDB/threads/tikv"
2017/09/07 14:43:59.805 start.rs:866: [INFO] server.backup-dir uses "/home/philo/Launch-TiDB-flag/Launch-TiDB/threads/tikv/backup"
2017/09/07 14:43:59.805 start.rs:885: [INFO] tikv server config: Config { cluster_id: 6462923505651824933, addr: "127.0.0.1:20160", labels: {}, advertise_addr: "127.0.0.1:20160", notify_capacity: 40960, messages_per_tick: 4096, grpc_concurrency: 4, grpc_concurrent_stream: 1024, grpc_raft_conn_num: 10, grpc_stream_initial_window_size: 2097152, storage: Config { data_dir: "/home/philo/Launch-TiDB-flag/Launch-TiDB/threads/tikv", gc_ratio_threshold: 1.1, scheduler_notify_capacity: 10240, scheduler_message_per_tick: 1024, scheduler_concurrency: 102400, scheduler_worker_pool_size: 4, scheduler_too_busy_threshold: 1000 }, raft_store: Config { sync_log: true, capacity: 18446744073709551615, raft_base_tick_interval: 1000, raft_heartbeat_ticks: 2, raft_election_timeout_ticks: 10, raft_max_size_per_msg: 1048576, raft_max_inflight_msgs: 256, raft_entry_max_size: 8388608, raft_log_gc_tick_interval: 10000, raft_log_gc_threshold: 50, raft_log_gc_count_limit: 196608, raft_log_gc_size_limit: 201326592, split_region_check_tick_interval: 10000, region_max_size: 402653184, region_split_size: 268435456, region_check_size_diff: 33554432, region_compact_check_interval: 0, region_compact_delete_keys_count: 1000000, pd_heartbeat_tick_interval: 60000, pd_store_heartbeat_tick_interval: 10000, snap_mgr_gc_tick_interval: 60000, snap_gc_timeout: 14400, lock_cf_compact_interval: 600000, lock_cf_compact_bytes_threshold: 268435456, notify_capacity: 40960, messages_per_tick: 4096, max_peer_down_duration: Duration { secs: 300, nanos: 0 }, max_leader_missing_duration: Duration { secs: 7200, nanos: 0 }, snap_apply_batch_size: 10485760, consistency_check_tick_interval: 0, report_region_flow_interval: 60000, raft_store_max_leader_lease: Duration { secs: 9, nanos: 0 }, use_sst_file_snapshot: true, right_derive_when_split: true, allow_remove_leader: false }, end_point_concurrency: 4 }
2017/09/07 14:43:59.828 start.rs:214: [INFO] rocksdb.wal-recovery-mode use default Some(2)
2017/09/07 14:43:59.828 start.rs:179: [INFO] rocksdb.wal-dir use default Some("")
2017/09/07 14:43:59.828 start.rs:184: [INFO] toml value rocksdb.wal-dir: ""
2017/09/07 14:43:59.828 start.rs:214: [INFO] rocksdb.wal-ttl-seconds use default Some(0)
2017/09/07 14:43:59.828 start.rs:214: [INFO] rocksdb.wal-size-limit use default Some(0)
2017/09/07 14:43:59.828 start.rs:214: [INFO] rocksdb.max-total-wal-size use default Some(4294967296)
2017/09/07 14:43:59.828 start.rs:214: [INFO] rocksdb.max-background-jobs use default Some(6)
2017/09/07 14:43:59.828 start.rs:214: [INFO] rocksdb.max-manifest-file-size use default Some(20971520)
2017/09/07 14:43:59.828 start.rs:165: [INFO] rocksdb.create-if-missing use default Some(true)
2017/09/07 14:43:59.828 start.rs:170: [INFO] toml value rocksdb.create-if-missing: true
2017/09/07 14:43:59.828 start.rs:214: [INFO] rocksdb.max-open-files use default Some(40960)
2017/09/07 14:43:59.828 start.rs:165: [INFO] rocksdb.enable-statistics use default Some(true)
2017/09/07 14:43:59.828 start.rs:170: [INFO] toml value rocksdb.enable-statistics: true
2017/09/07 14:43:59.829 start.rs:214: [INFO] rocksdb.stats-dump-period-sec use default Some(600)
2017/09/07 14:43:59.829 start.rs:214: [INFO] rocksdb.compaction-readahead-size use default Some(0)
2017/09/07 14:43:59.829 start.rs:214: [INFO] rocksdb.info-log-max-size use default Some(0)
2017/09/07 14:43:59.829 start.rs:214: [INFO] rocksdb.info-log-roll-time use default Some(0)
2017/09/07 14:43:59.829 start.rs:179: [INFO] rocksdb.info-log-dir use default Some("")
2017/09/07 14:43:59.829 start.rs:184: [INFO] toml value rocksdb.info-log-dir: ""
2017/09/07 14:43:59.829 start.rs:214: [INFO] rocksdb.rate-bytes-per-sec use default Some(0)
2017/09/07 14:43:59.829 start.rs:214: [INFO] rocksdb.max-sub-compactions use default Some(1)
2017/09/07 14:43:59.829 start.rs:214: [INFO] rocksdb.writable-file-max-buffer-size use default Some(1048576)
2017/09/07 14:43:59.829 start.rs:165: [INFO] rocksdb.use-direct-io-for-flush-and-compaction use default Some(false)
2017/09/07 14:43:59.829 start.rs:170: [INFO] toml value rocksdb.use-direct-io-for-flush-and-compaction: false
2017/09/07 14:43:59.829 start.rs:165: [INFO] rocksdb.enable-pipelined-write use default Some(true)
2017/09/07 14:43:59.829 start.rs:170: [INFO] toml value rocksdb.enable-pipelined-write: true
2017/09/07 14:43:59.829 start.rs:214: [INFO] rocksdb.defaultcf.block-size use default Some(65536)
2017/09/07 14:43:59.829 start.rs:214: [INFO] rocksdb.defaultcf.block-cache-size use default Some(3136290816)
2017/09/07 14:43:59.829 start.rs:165: [INFO] rocksdb.defaultcf.cache-index-and-filter-blocks use default Some(true)
2017/09/07 14:43:59.829 start.rs:170: [INFO] toml value rocksdb.defaultcf.cache-index-and-filter-blocks: true
2017/09/07 14:43:59.829 start.rs:214: [INFO] rocksdb.defaultcf.bloom-filter-bits-per-key use default Some(10)
2017/09/07 14:43:59.830 start.rs:165: [INFO] rocksdb.defaultcf.block-based-bloom-filter use default Some(false)
2017/09/07 14:43:59.830 start.rs:170: [INFO] toml value rocksdb.defaultcf.block-based-bloom-filter: false
2017/09/07 14:43:59.830 start.rs:179: [INFO] rocksdb.defaultcf.compression-per-level use default Some("no:no:lz4:lz4:lz4:zstd:zstd")
2017/09/07 14:43:59.830 start.rs:184: [INFO] toml value rocksdb.defaultcf.compression-per-level: "no:no:lz4:lz4:lz4:zstd:zstd"
2017/09/07 14:43:59.830 start.rs:214: [INFO] rocksdb.defaultcf.write-buffer-size use default Some(134217728)
2017/09/07 14:43:59.830 start.rs:214: [INFO] rocksdb.defaultcf.max-write-buffer-number use default Some(5)
2017/09/07 14:43:59.830 start.rs:214: [INFO] rocksdb.defaultcf.min-write-buffer-number-to-merge use default Some(1)
2017/09/07 14:43:59.830 start.rs:214: [INFO] rocksdb.defaultcf.max-bytes-for-level-base use default Some(536870912)
2017/09/07 14:43:59.830 start.rs:214: [INFO] rocksdb.defaultcf.target-file-size-base use default Some(33554432)
2017/09/07 14:43:59.830 start.rs:214: [INFO] rocksdb.defaultcf.level0-file-num-compaction-trigger use default Some(4)
2017/09/07 14:43:59.830 start.rs:214: [INFO] rocksdb.defaultcf.level0-slowdown-writes-trigger use default Some(20)
2017/09/07 14:43:59.830 start.rs:214: [INFO] rocksdb.defaultcf.level0-stop-writes-trigger use default Some(36)
2017/09/07 14:43:59.830 start.rs:214: [INFO] rocksdb.defaultcf.max-compaction-bytes use default Some(2147483648)
2017/09/07 14:43:59.830 start.rs:214: [INFO] rocksdb.defaultcf.compaction-pri use default Some(0)
2017/09/07 14:43:59.830 start.rs:214: [INFO] rocksdb.lockcf.block-size use default Some(16384)
2017/09/07 14:43:59.830 start.rs:214: [INFO] rocksdb.lockcf.block-cache-size use default Some(268435456)
2017/09/07 14:43:59.830 start.rs:165: [INFO] rocksdb.lockcf.cache-index-and-filter-blocks use default Some(true)
2017/09/07 14:43:59.830 start.rs:170: [INFO] toml value rocksdb.lockcf.cache-index-and-filter-blocks: true
2017/09/07 14:43:59.830 start.rs:214: [INFO] rocksdb.lockcf.bloom-filter-bits-per-key use default Some(10)
2017/09/07 14:43:59.830 start.rs:165: [INFO] rocksdb.lockcf.block-based-bloom-filter use default Some(false)
2017/09/07 14:43:59.831 start.rs:170: [INFO] toml value rocksdb.lockcf.block-based-bloom-filter: false
2017/09/07 14:43:59.831 start.rs:179: [INFO] rocksdb.lockcf.compression-per-level use default Some("no:no:no:no:no:no:no")
2017/09/07 14:43:59.831 start.rs:184: [INFO] toml value rocksdb.lockcf.compression-per-level: "no:no:no:no:no:no:no"
2017/09/07 14:43:59.831 start.rs:214: [INFO] rocksdb.lockcf.write-buffer-size use default Some(134217728)
2017/09/07 14:43:59.831 start.rs:214: [INFO] rocksdb.lockcf.max-write-buffer-number use default Some(5)
2017/09/07 14:43:59.831 start.rs:214: [INFO] rocksdb.lockcf.min-write-buffer-number-to-merge use default Some(1)
2017/09/07 14:43:59.831 start.rs:214: [INFO] rocksdb.lockcf.max-bytes-for-level-base use default Some(134217728)
2017/09/07 14:43:59.831 start.rs:214: [INFO] rocksdb.lockcf.target-file-size-base use default Some(33554432)
2017/09/07 14:43:59.831 start.rs:214: [INFO] rocksdb.lockcf.level0-file-num-compaction-trigger use default Some(1)
2017/09/07 14:43:59.831 start.rs:214: [INFO] rocksdb.lockcf.level0-slowdown-writes-trigger use default Some(20)
2017/09/07 14:43:59.831 start.rs:214: [INFO] rocksdb.lockcf.level0-stop-writes-trigger use default Some(36)
2017/09/07 14:43:59.831 start.rs:214: [INFO] rocksdb.lockcf.max-compaction-bytes use default Some(2147483648)
2017/09/07 14:43:59.831 start.rs:214: [INFO] rocksdb.lockcf.compaction-pri use default Some(0)
2017/09/07 14:43:59.831 start.rs:214: [INFO] rocksdb.writecf.block-size use default Some(65536)
2017/09/07 14:43:59.831 start.rs:214: [INFO] rocksdb.writecf.block-cache-size use default Some(1882193920)
2017/09/07 14:43:59.831 start.rs:165: [INFO] rocksdb.writecf.cache-index-and-filter-blocks use default Some(true)
2017/09/07 14:43:59.831 start.rs:170: [INFO] toml value rocksdb.writecf.cache-index-and-filter-blocks: true
2017/09/07 14:43:59.831 start.rs:214: [INFO] rocksdb.writecf.bloom-filter-bits-per-key use default Some(10)
2017/09/07 14:43:59.831 start.rs:165: [INFO] rocksdb.writecf.block-based-bloom-filter use default Some(false)
2017/09/07 14:43:59.832 start.rs:170: [INFO] toml value rocksdb.writecf.block-based-bloom-filter: false
2017/09/07 14:43:59.832 start.rs:179: [INFO] rocksdb.writecf.compression-per-level use default Some("no:no:lz4:lz4:lz4:zstd:zstd")
2017/09/07 14:43:59.832 start.rs:184: [INFO] toml value rocksdb.writecf.compression-per-level: "no:no:lz4:lz4:lz4:zstd:zstd"
2017/09/07 14:43:59.832 start.rs:214: [INFO] rocksdb.writecf.write-buffer-size use default Some(134217728)
2017/09/07 14:43:59.832 start.rs:214: [INFO] rocksdb.writecf.max-write-buffer-number use default Some(5)
2017/09/07 14:43:59.832 start.rs:214: [INFO] rocksdb.writecf.min-write-buffer-number-to-merge use default Some(1)
2017/09/07 14:43:59.832 start.rs:214: [INFO] rocksdb.writecf.max-bytes-for-level-base use default Some(536870912)
2017/09/07 14:43:59.832 start.rs:214: [INFO] rocksdb.writecf.target-file-size-base use default Some(33554432)
2017/09/07 14:43:59.832 start.rs:214: [INFO] rocksdb.writecf.level0-file-num-compaction-trigger use default Some(4)
2017/09/07 14:43:59.832 start.rs:214: [INFO] rocksdb.writecf.level0-slowdown-writes-trigger use default Some(20)
2017/09/07 14:43:59.832 start.rs:214: [INFO] rocksdb.writecf.level0-stop-writes-trigger use default Some(36)
2017/09/07 14:43:59.832 start.rs:214: [INFO] rocksdb.writecf.max-compaction-bytes use default Some(2147483648)
2017/09/07 14:43:59.832 start.rs:214: [INFO] rocksdb.writecf.compaction-pri use default Some(0)
2017/09/07 14:43:59.832 start.rs:214: [INFO] rocksdb.raftcf.block-size use default Some(65536)
2017/09/07 14:43:59.832 start.rs:214: [INFO] rocksdb.raftcf.block-cache-size use default Some(268435456)
2017/09/07 14:43:59.832 start.rs:165: [INFO] rocksdb.raftcf.cache-index-and-filter-blocks use default Some(true)
2017/09/07 14:43:59.832 start.rs:170: [INFO] toml value rocksdb.raftcf.cache-index-and-filter-blocks: true
2017/09/07 14:43:59.832 start.rs:179: [INFO] rocksdb.raftcf.compression-per-level use default Some("no:no:lz4:lz4:lz4:zstd:zstd")
2017/09/07 14:43:59.832 start.rs:184: [INFO] toml value rocksdb.raftcf.compression-per-level: "no:no:lz4:lz4:lz4:zstd:zstd"
2017/09/07 14:43:59.832 start.rs:214: [INFO] rocksdb.raftcf.write-buffer-size use default Some(134217728)
2017/09/07 14:43:59.832 start.rs:214: [INFO] rocksdb.raftcf.max-write-buffer-number use default Some(5)
2017/09/07 14:43:59.833 start.rs:214: [INFO] rocksdb.raftcf.min-write-buffer-number-to-merge use default Some(1)
2017/09/07 14:43:59.833 start.rs:214: [INFO] rocksdb.raftcf.max-bytes-for-level-base use default Some(536870912)
2017/09/07 14:43:59.833 start.rs:214: [INFO] rocksdb.raftcf.target-file-size-base use default Some(33554432)
2017/09/07 14:43:59.833 start.rs:214: [INFO] rocksdb.raftcf.level0-file-num-compaction-trigger use default Some(4)
2017/09/07 14:43:59.833 start.rs:214: [INFO] rocksdb.raftcf.level0-slowdown-writes-trigger use default Some(20)
2017/09/07 14:43:59.833 start.rs:214: [INFO] rocksdb.raftcf.level0-stop-writes-trigger use default Some(36)
2017/09/07 14:43:59.833 start.rs:214: [INFO] rocksdb.raftcf.max-compaction-bytes use default Some(2147483648)
2017/09/07 14:43:59.833 start.rs:214: [INFO] rocksdb.raftcf.compaction-pri use default Some(0)
2017/09/07 14:44:00.524 mod.rs:423: [INFO] storage RaftKv started.
2017/09/07 14:44:00.524 mod.rs:198: [INFO] starting working thread: store address resolve worker
2017/09/07 14:44:00.526 node.rs:194: [INFO] alloc store id 1 
2017/09/07 14:44:00.527 node.rs:203: [INFO] alloc first region id 2 for cluster 6462923505651824933, store 1
2017/09/07 14:44:00.527 node.rs:208: [INFO] alloc first peer id 3 for first region 2
2017/09/07 14:44:00.559 node.rs:256: [INFO] bootstrap cluster 6462923505651824933 ok
2017/09/07 14:44:00.560 node.rs:285: [INFO] start raft store 1 thread
2017/09/07 14:44:00.561 peer.rs:266: [INFO] [region 2] create peer with id 3
2017/09/07 14:44:00.561 raft.rs:687: [INFO] [region 2] 3 became follower at term 5
2017/09/07 14:44:00.561 raft.rs:317: [INFO] [region 2] 3 newRaft [peers: [3], term: 5, commit: 5, applied: 5, last_index: 5, last_term: 5]
2017/09/07 14:44:00.562 raft.rs:915: [INFO] [region 2] 3 is starting a new election at term 5
2017/09/07 14:44:00.562 raft.rs:700: [INFO] [region 2] 3 became candidate at term 6
2017/09/07 14:44:00.562 raft.rs:788: [INFO] [region 2] 3 received MsgRequestVoteResponse from 3 at term 6
2017/09/07 14:44:00.562 raft.rs:736: [INFO] [region 2] 3 became leader at term 6
2017/09/07 14:44:00.562 store.rs:282: [INFO] [store 1] starts with 1 regions, including 0 tombstones and 0 applying regions, takes Duration { secs: 0, nanos: 963821 }
2017/09/07 14:44:00.562 store.rs:322: [INFO] [store 1] cleans up garbage data, takes Duration { secs: 0, nanos: 12986 }
2017/09/07 14:44:00.562 start.rs:214: [INFO] metric.interval use default Some(0)
2017/09/07 14:44:00.562 start.rs:950: [INFO] start storage
2017/09/07 14:44:00.562 mod.rs:198: [INFO] starting working thread: split check worker
2017/09/07 14:44:00.562 mod.rs:198: [INFO] starting working thread: snapshot worker
2017/09/07 14:44:00.562 mod.rs:198: [INFO] starting working thread: raft gc worker
2017/09/07 14:44:00.562 mod.rs:198: [INFO] starting working thread: end-point-worker
2017/09/07 14:44:00.562 mod.rs:198: [INFO] starting working thread: compact worker
2017/09/07 14:44:00.563 future.rs:106: [INFO] starting working thread: pd worker
2017/09/07 14:44:00.563 mod.rs:198: [INFO] starting working thread: snap-handler
2017/09/07 14:44:00.563 mod.rs:198: [INFO] starting working thread: consistency check worker
2017/09/07 14:44:00.563 mod.rs:198: [INFO] starting working thread: apply worker
2017/09/07 14:44:00.566 server.rs:126: [INFO] TiKV is ready to serve
2017/09/07 14:44:02.729 util.rs:247: [ERROR] request failed: Grpc(RpcFinished(None))
2017/09/07 14:44:02.729 util.rs:247: [ERROR] request failed: Other(SendError("..."))
2017/09/07 14:44:02.729 util.rs:247: [ERROR] request failed: Other(SendError("..."))
2017/09/07 14:44:02.729 util.rs:247: [ERROR] request failed: Other(SendError("..."))
2017/09/07 14:44:02.729 util.rs:247: [ERROR] request failed: Other(SendError("..."))
2017/09/07 14:44:02.729 util.rs:213: [WARN] updating PD client, block the tokio core
2017/09/07 14:44:02.732 util.rs:417: [INFO] connect to PD leader "http://127.0.0.1:2379"
2017/09/07 14:44:02.732 util.rs:174: [WARN] updating PD client done, spent Duration { secs: 0, nanos: 2439691 }
2017/09/07 14:44:10.720 apply.rs:637: [INFO] [region 2] 3 execute admin command cmd_type: CompactLog compact_log {compact_index: 72 compact_term: 6} at [term: 6, index: 74]
2017/09/07 14:44:20.775 apply.rs:637: [INFO] [region 2] 3 execute admin command cmd_type: CompactLog compact_log {compact_index: 127 compact_term: 6} at [term: 6, index: 129]
